<?xml version="1.0" encoding="UTF-8"?>
<testng-results ignored="0" total="1" passed="1" failed="0" skipped="0">
  <reporter-output>
  </reporter-output>
  <suite started-at="2023-02-04T17:15:37 IST" name="Suite" finished-at="2023-02-04T17:15:55 IST" duration-ms="17252">
    <groups>
    </groups>
    <test started-at="2023-02-04T17:15:37 IST" name="Test" finished-at="2023-02-04T17:15:55 IST" duration-ms="17252">
      <class name="TestCases.SimpleTest">
        <test-method signature="hi()[pri:1, instance:TestCases.SimpleTest@6bd61f98]" started-at="2023-02-04T17:15:38 IST" name="hi" finished-at="2023-02-04T17:15:54 IST" duration-ms="16620" status="PASS">
          <reporter-output>
          </reporter-output>
        </test-method> <!-- hi -->
        <test-method is-config="true" signature="closing()[pri:0, instance:TestCases.SimpleTest@6bd61f98]" started-at="2023-02-04T17:15:54 IST" name="closing" finished-at="2023-02-04T17:15:55 IST" duration-ms="193" status="PASS">
          <reporter-output>
          </reporter-output>
        </test-method> <!-- closing -->
      </class> <!-- TestCases.SimpleTest -->
    </test> <!-- Test -->
  </suite> <!-- Suite -->
</testng-results>
